<?xml version="1.0" encoding="UTF-8"?>
<!-- Generated by org.testng.reporters.JUnitXMLReporter -->
<testsuite hostname="DESKTOP-KQBH998" failures="4" tests="6" name="Test" time="48.744" errors="0" timestamp="4 Mar 2024 10:26:12 GMT">
  <testcase classname="listener.MyTest" name="test1" time="0.017"/>
  <testcase classname="listener.MyTest" name="test2" time="0.006"/>
  <testcase classname="basic.Multi_ParametersTest2" name="login" time="1.947">
    <failure type="java.lang.AssertionError" message="expected [Log in to Facebook1] but found [Log in to Facebook]">
      <![CDATA[java.lang.AssertionError: expected [Log in to Facebook1] but found [Log in to Facebook]
	at basic.Multi_ParametersTest2.login(Multi_ParametersTest2.java:38)
... Removed 29 stack frames]]>
    </failure>
  </testcase> <!-- login -->
  <testcase classname="basic.Multi_ParametersTest2" name="login" time="22.649">
    <failure type="java.lang.AssertionError" message="expected [Log in to Facebook1] but found [Log in to Facebook]">
      <![CDATA[java.lang.AssertionError: expected [Log in to Facebook1] but found [Log in to Facebook]
	at basic.Multi_ParametersTest2.login(Multi_ParametersTest2.java:38)
... Removed 29 stack frames]]>
    </failure>
  </testcase> <!-- login -->
  <testcase classname="basic.Multi_ParametersTest2" name="login" time="12.064">
    <failure type="java.lang.AssertionError" message="expected [Log in to Facebook1] but found [Log in to Facebook]">
      <![CDATA[java.lang.AssertionError: expected [Log in to Facebook1] but found [Log in to Facebook]
	at basic.Multi_ParametersTest2.login(Multi_ParametersTest2.java:38)
... Removed 29 stack frames]]>
    </failure>
  </testcase> <!-- login -->
  <testcase classname="basic.Multi_ParametersTest2" name="login" time="2.568">
    <failure type="java.lang.AssertionError" message="expected [Log in to Facebook1] but found [Log in to Facebook]">
      <![CDATA[java.lang.AssertionError: expected [Log in to Facebook1] but found [Log in to Facebook]
	at basic.Multi_ParametersTest2.login(Multi_ParametersTest2.java:38)
... Removed 29 stack frames]]>
    </failure>
  </testcase> <!-- login -->
</testsuite> <!-- Test -->
